[debug] [2023-02-23T12:34:33.935Z] ----------------------------------------------------------------------
[debug] [2023-02-23T12:34:33.937Z] Command:       /Users/nnikolov/.nvm/versions/node/v14.18.0/bin/node /usr/local/bin/firebase emulators:start --only auth
[debug] [2023-02-23T12:34:33.938Z] CLI Version:   11.23.0
[debug] [2023-02-23T12:34:33.938Z] Platform:      darwin
[debug] [2023-02-23T12:34:33.938Z] Node Version:  v14.18.0
[debug] [2023-02-23T12:34:33.939Z] Time:          Thu Feb 23 2023 14:34:33 GMT+0200 (Eastern European Standard Time)
[debug] [2023-02-23T12:34:33.939Z] ----------------------------------------------------------------------
[debug] 
[debug] [2023-02-23T12:34:33.943Z] >>> [apiv2][query] GET https://firebase-public.firebaseio.com/cli.json [none]
[debug] [2023-02-23T12:34:34.039Z] > command requires scopes: ["email","openid","https://www.googleapis.com/auth/cloudplatformprojects.readonly","https://www.googleapis.com/auth/firebase","https://www.googleapis.com/auth/cloud-platform"]
[debug] [2023-02-23T12:34:34.039Z] > authorizing via signed-in user (nikola.nikolov3398@gmail.com)
[info] i  emulators: Starting emulators: auth {"metadata":{"emulator":{"name":"hub"},"message":"Starting emulators: auth"}}
[debug] [2023-02-23T12:34:34.998Z] [logging] Logging Emulator only supports listening on one address (127.0.0.1). Not listening on ::1
[debug] [2023-02-23T12:34:34.999Z] [auth] Authentication Emulator only supports listening on one address (127.0.0.1). Not listening on ::1
[debug] [2023-02-23T12:34:34.999Z] assigned listening specs for emulators {"user":{"hub":[{"address":"127.0.0.1","family":"IPv4","port":4400},{"address":"::1","family":"IPv6","port":4400}],"ui":[{"address":"127.0.0.1","family":"IPv4","port":4000},{"address":"::1","family":"IPv6","port":4000}],"logging":[{"address":"127.0.0.1","family":"IPv4","port":4500}],"auth":[{"address":"127.0.0.1","family":"IPv4","port":9099}]},"metadata":{"message":"assigned listening specs for emulators"}}
[debug] [2023-02-23T12:34:35.005Z] [hub] writing locator at /var/folders/_z/70wstnsd43d31bw24fhvxh140000gn/T/hub-project-dani-33e86.json
[debug] [2023-02-23T12:34:43.781Z] Ignoring unsupported arg: auto_download {"metadata":{"emulator":{"name":"ui"},"message":"Ignoring unsupported arg: auto_download"}}
[debug] [2023-02-23T12:34:43.782Z] Ignoring unsupported arg: port {"metadata":{"emulator":{"name":"ui"},"message":"Ignoring unsupported arg: port"}}
[debug] [2023-02-23T12:34:43.782Z] Starting Emulator UI with command {"binary":"node","args":["/Users/nnikolov/.cache/firebase/emulators/ui-v1.11.4/server/server.js"],"optionalArgs":[],"joinArgs":false} {"metadata":{"emulator":{"name":"ui"},"message":"Starting Emulator UI with command {\"binary\":\"node\",\"args\":[\"/Users/nnikolov/.cache/firebase/emulators/ui-v1.11.4/server/server.js\"],\"optionalArgs\":[],\"joinArgs\":false}"}}
[info] i  ui: Emulator UI logging to ui-debug.log {"metadata":{"emulator":{"name":"ui"},"message":"Emulator UI logging to \u001b[1mui-debug.log\u001b[22m"}}
[debug] [2023-02-23T12:34:43.945Z] Web / API server started at 127.0.0.1:4000
 {"metadata":{"emulator":{"name":"ui"},"message":"Web / API server started at 127.0.0.1:4000\n"}}
[debug] [2023-02-23T12:34:43.946Z] Web / API server started at ::1:4000
 {"metadata":{"emulator":{"name":"ui"},"message":"Web / API server started at ::1:4000\n"}}
[info] 
┌─────────────────────────────────────────────────────────────┐
│ ✔  All emulators ready! It is now safe to connect your app. │
│ i  View Emulator UI at http://127.0.0.1:4000/               │
└─────────────────────────────────────────────────────────────┘

┌────────────────┬────────────────┬────────────────────────────┐
│ Emulator       │ Host:Port      │ View in Emulator UI        │
├────────────────┼────────────────┼────────────────────────────┤
│ Authentication │ 127.0.0.1:9099 │ http://127.0.0.1:4000/auth │
└────────────────┴────────────────┴────────────────────────────┘
  Emulator Hub running at 127.0.0.1:4400
  Other reserved ports: 4500

Issues? Report them at https://github.com/firebase/firebase-tools/issues and attach the *-debug.log files.
 
[debug] [2023-02-23T12:34:44.077Z] <<< [apiv2][status] GET https://firebase-public.firebaseio.com/cli.json 200
[debug] [2023-02-23T12:34:44.077Z] <<< [apiv2][body] GET https://firebase-public.firebaseio.com/cli.json {"cloudBuildErrorAfter":1594252800000,"cloudBuildWarnAfter":1590019200000,"defaultNode10After":1594252800000,"minVersion":"3.0.5","node8DeploysDisabledAfter":1613390400000,"node8RuntimeDisabledAfter":1615809600000,"node8WarnAfter":1600128000000}
[debug] [2023-03-11T15:51:14.480Z] Received signal SIGHUP 1
[info]  
[info] i  emulators: Received SIGHUP for the first time. Starting a clean shutdown. 
[info] i  emulators: Please wait for a clean shutdown or send the SIGHUP signal again to stop right now. 
[debug] [2023-03-11T15:51:14.541Z] Error: write EIO
    at afterWriteDispatched (internal/stream_base_commons.js:156:25)
    at writeGeneric (internal/stream_base_commons.js:147:3)
    at WriteStream.Socket._writeGeneric (net.js:798:11)
    at WriteStream.Socket._write (net.js:810:8)
    at writeOrBuffer (internal/streams/writable.js:358:12)
    at WriteStream.Writable.write (internal/streams/writable.js:303:10)
    at Console.log (/usr/local/lib/node_modules/firebase-tools/node_modules/winston/lib/winston/transports/console.js:79:23)
    at Console._write (/usr/local/lib/node_modules/firebase-tools/node_modules/winston-transport/index.js:103:17)
    at doWrite (/usr/local/lib/node_modules/firebase-tools/node_modules/winston-transport/node_modules/readable-stream/lib/_stream_writable.js:428:64)
    at writeOrBuffer (/usr/local/lib/node_modules/firebase-tools/node_modules/winston-transport/node_modules/readable-stream/lib/_stream_writable.js:417:5)
    at Console.Writable.write (/usr/local/lib/node_modules/firebase-tools/node_modules/winston-transport/node_modules/readable-stream/lib/_stream_writable.js:334:11)
    at DerivedLogger.ondata (/usr/local/lib/node_modules/firebase-tools/node_modules/readable-stream/lib/_stream_readable.js:681:20)
    at DerivedLogger.emit (events.js:412:35)
    at DerivedLogger.emit (domain.js:475:12)
    at addChunk (/usr/local/lib/node_modules/firebase-tools/node_modules/readable-stream/lib/_stream_readable.js:298:12)
    at readableAddChunk (/usr/local/lib/node_modules/firebase-tools/node_modules/readable-stream/lib/_stream_readable.js:280:11)
[error] 
[error] Error: An unexpected error has occurred.
[info] i  emulators: Shutting down emulators. {"metadata":{"emulator":{"name":"hub"},"message":"Shutting down emulators."}}
[info] i  ui: Stopping Emulator UI {"metadata":{"emulator":{"name":"ui"},"message":"Stopping Emulator UI"}}
[warn] ⚠  Emulator UI has exited upon receiving signal: SIGINT 
[info] i  auth: Stopping Authentication Emulator {"metadata":{"emulator":{"name":"auth"},"message":"Stopping Authentication Emulator"}}
[info] i  hub: Stopping emulator hub {"metadata":{"emulator":{"name":"hub"},"message":"Stopping emulator hub"}}
